# JRE version: OpenJDK Runtime Environment (8.0_151-b12) (build 1.8.0_151-8u151-b12-0ubuntu0.16.04.2-b12)
# Java VM: OpenJDK 64-Bit Server VM (25.151-b12 mixed mode linux-amd64 compressed oops)
Heap:
 PSYoungGen      total 28160K, used 6050K [0x00000000e1000000, 0x00000000e4400000, 0x0000000100000000)
  eden space 24576K, 10% used [0x00000000e1000000,0x00000000e1270b20,0x00000000e2800000)
  from space 3584K, 99% used [0x00000000e2800000,0x00000000e2b78048,0x00000000e2b80000)
  to   space 3584K, 0% used [0x00000000e4080000,0x00000000e4080000,0x00000000e4400000)
 ParOldGen       total 64512K, used 14797K [0x00000000a3000000, 0x00000000a6f00000, 0x00000000e1000000)
  object space 64512K, 22% used [0x00000000a3000000,0x00000000a3e73798,0x00000000a6f00000)
 Metaspace       used 19415K, capacity 20456K, committed 20736K, reserved 1067008K
  class space    used 2516K, capacity 2779K, committed 2816K, reserved 1048576K
GC Heap History (6 events):
Event: 0.688 GC heap before
{Heap before GC invocations=1 (full 0):
 PSYoungGen      total 28160K, used 24576K [0x00000000e1000000, 0x00000000e2f00000, 0x0000000100000000)
  eden space 24576K, 100% used [0x00000000e1000000,0x00000000e2800000,0x00000000e2800000)
  from space 3584K, 0% used [0x00000000e2b80000,0x00000000e2b80000,0x00000000e2f00000)
  to   space 3584K, 0% used [0x00000000e2800000,0x00000000e2800000,0x00000000e2b80000)
 ParOldGen       total 64512K, used 0K [0x00000000a3000000, 0x00000000a6f00000, 0x00000000e1000000)
  object space 64512K, 0% used [0x00000000a3000000,0x00000000a3000000,0x00000000a6f00000)
 Metaspace       used 11321K, capacity 11718K, committed 12032K, reserved 1060864K
  class space    used 1337K, capacity 1468K, committed 1536K, reserved 1048576K
Event: 0.696 GC heap after
Heap after GC invocations=1 (full 0):
 PSYoungGen      total 28160K, used 3568K [0x00000000e1000000, 0x00000000e4700000, 0x0000000100000000)
  eden space 24576K, 0% used [0x00000000e1000000,0x00000000e1000000,0x00000000e2800000)
  from space 3584K, 99% used [0x00000000e2800000,0x00000000e2b7c030,0x00000000e2b80000)
  to   space 3584K, 0% used [0x00000000e4380000,0x00000000e4380000,0x00000000e4700000)
 ParOldGen       total 64512K, used 3514K [0x00000000a3000000, 0x00000000a6f00000, 0x00000000e1000000)
  object space 64512K, 5% used [0x00000000a3000000,0x00000000a336e928,0x00000000a6f00000)
 Metaspace       used 11321K, capacity 11718K, committed 12032K, reserved 1060864K
  class space    used 1337K, capacity 1468K, committed 1536K, reserved 1048576K
}
Event: 2.457 GC heap before
{Heap before GC invocations=2 (full 0):
 PSYoungGen      total 28160K, used 28122K [0x00000000e1000000, 0x00000000e4700000, 0x0000000100000000)
  eden space 24576K, 99% used [0x00000000e1000000,0x00000000e27fa8c8,0x00000000e2800000)
  from space 3584K, 99% used [0x00000000e2800000,0x00000000e2b7c030,0x00000000e2b80000)
  to   space 3584K, 0% used [0x00000000e4380000,0x00000000e4380000,0x00000000e4700000)
 ParOldGen       total 64512K, used 3514K [0x00000000a3000000, 0x00000000a6f00000, 0x00000000e1000000)
  object space 64512K, 5% used [0x00000000a3000000,0x00000000a336e928,0x00000000a6f00000)
 Metaspace       used 17831K, capacity 18662K, committed 18816K, reserved 1064960K
  class space    used 2431K, capacity 2638K, committed 2688K, reserved 1048576K
Event: 2.470 GC heap after
Heap after GC invocations=2 (full 0):
 PSYoungGen      total 28160K, used 3552K [0x00000000e1000000, 0x00000000e4700000, 0x0000000100000000)
  eden space 24576K, 0% used [0x00000000e1000000,0x00000000e1000000,0x00000000e2800000)
  from space 3584K, 99% used [0x00000000e4380000,0x00000000e46f8048,0x00000000e4700000)
  to   space 3584K, 0% used [0x00000000e2800000,0x00000000e2800000,0x00000000e2b80000)
 ParOldGen       total 64512K, used 10711K [0x00000000a3000000, 0x00000000a6f00000, 0x00000000e1000000)
  object space 64512K, 16% used [0x00000000a3000000,0x00000000a3a75f30,0x00000000a6f00000)
 Metaspace       used 17831K, capacity 18662K, committed 18816K, reserved 1064960K
  class space    used 2431K, capacity 2638K, committed 2688K, reserved 1048576K
}
Event: 14.107 GC heap before
{Heap before GC invocations=3 (full 0):
 PSYoungGen      total 28160K, used 28128K [0x00000000e1000000, 0x00000000e4700000, 0x0000000100000000)
  eden space 24576K, 100% used [0x00000000e1000000,0x00000000e2800000,0x00000000e2800000)
  from space 3584K, 99% used [0x00000000e4380000,0x00000000e46f8048,0x00000000e4700000)
  to   space 3584K, 0% used [0x00000000e2800000,0x00000000e2800000,0x00000000e2b80000)
 ParOldGen       total 64512K, used 10711K [0x00000000a3000000, 0x00000000a6f00000, 0x00000000e1000000)
  object space 64512K, 16% used [0x00000000a3000000,0x00000000a3a75f30,0x00000000a6f00000)
 Metaspace       used 19358K, capacity 20426K, committed 20480K, reserved 1067008K
  class space    used 2513K, capacity 2774K, committed 2816K, reserved 1048576K
Event: 14.120 GC heap after
Heap after GC invocations=3 (full 0):
 PSYoungGen      total 28160K, used 3552K [0x00000000e1000000, 0x00000000e4400000, 0x0000000100000000)
  eden space 24576K, 0% used [0x00000000e1000000,0x00000000e1000000,0x00000000e2800000)
  from space 3584K, 99% used [0x00000000e2800000,0x00000000e2b78048,0x00000000e2b80000)
  to   space 3584K, 0% used [0x00000000e4080000,0x00000000e4080000,0x00000000e4400000)
 ParOldGen       total 64512K, used 14797K [0x00000000a3000000, 0x00000000a6f00000, 0x00000000e1000000)
  object space 64512K, 22% used [0x00000000a3000000,0x00000000a3e73798,0x00000000a6f00000)
 Metaspace       used 19358K, capacity 20426K, committed 20480K, reserved 1067008K
  class space    used 2513K, capacity 2774K, committed 2816K, reserved 1048576K
}

